2026-05-10 02:10:40.628 INFO  [main] [traceId=, spanId=] c.p.user.UserServiceApplication - Starting UserServiceApplication using Java 17.0.18 with PID 196594 (/home/pradeep/Desktop/coding/web_2_projects/Software-Engineering/PrevPaperApp/user-service/target/classes started by pradeep in /home/pradeep/Desktop/coding/web_2_projects/Software-Engineering/PrevPaperApp/user-service)
2026-05-10 02:10:40.633 INFO  [main] [traceId=, spanId=] c.p.user.UserServiceApplication - No active profile set, falling back to 1 default profile: "default"
2026-05-10 02:10:40.884 INFO  [background-preinit] [traceId=, spanId=] o.h.validator.internal.util.Version - HV000001: Hibernate Validator 9.0.1.Final
2026-05-10 02:10:41.400 INFO  [main] [traceId=, spanId=] o.s.d.r.c.RepositoryConfigurationDelegate - Bootstrapping Spring Data JPA repositories in DEFAULT mode.
2026-05-10 02:10:41.520 INFO  [main] [traceId=, spanId=] o.s.d.r.c.RepositoryConfigurationDelegate - Finished Spring Data repository scanning in 110 ms. Found 4 JPA repository interfaces.
2026-05-10 02:10:41.834 INFO  [main] [traceId=, spanId=] o.s.cloud.context.scope.GenericScope - BeanFactory id=67418717-9822-3cdc-ab24-d2d3b29f45c6
2026-05-10 02:10:42.198 INFO  [main] [traceId=, spanId=] o.s.boot.tomcat.TomcatWebServer - Tomcat initialized with port 8086 (http)
2026-05-10 02:10:42.208 INFO  [main] [traceId=, spanId=] o.a.coyote.http11.Http11NioProtocol - Initializing ProtocolHandler ["http-nio-8086"]
2026-05-10 02:10:42.210 INFO  [main] [traceId=, spanId=] o.a.catalina.core.StandardService - Starting service [Tomcat]
2026-05-10 02:10:42.211 INFO  [main] [traceId=, spanId=] o.a.catalina.core.StandardEngine - Starting Servlet engine: [Apache Tomcat/11.0.20]
2026-05-10 02:10:42.289 INFO  [main] [traceId=, spanId=] o.s.b.w.c.s.WebApplicationContextInitializer - Root WebApplicationContext: initialization completed in 1613 ms
2026-05-10 02:10:42.772 INFO  [main] [traceId=, spanId=] org.hibernate.orm.jpa - HHH008540: Processing PersistenceUnitInfo [name: default]
2026-05-10 02:10:42.828 INFO  [main] [traceId=, spanId=] org.hibernate.orm.core - HHH000001: Hibernate ORM core version 7.2.7.Final
2026-05-10 02:10:43.139 INFO  [main] [traceId=, spanId=] o.s.o.j.p.SpringPersistenceUnitInfo - No LoadTimeWeaver setup: ignoring JPA class transformer
2026-05-10 02:10:43.168 INFO  [main] [traceId=, spanId=] com.zaxxer.hikari.HikariDataSource - HikariPool-1 - Starting...
2026-05-10 02:10:43.326 INFO  [main] [traceId=, spanId=] com.zaxxer.hikari.pool.HikariPool - HikariPool-1 - Added connection org.postgresql.jdbc.PgConnection@4d24ab25
2026-05-10 02:10:43.328 INFO  [main] [traceId=, spanId=] com.zaxxer.hikari.HikariDataSource - HikariPool-1 - Start completed.
2026-05-10 02:10:43.355 WARN  [main] [traceId=, spanId=] org.hibernate.orm.deprecation - HHH90000025: PostgreSQLDialect does not need to be specified explicitly using 'hibernate.dialect' (remove the property setting and it will be selected by default)
2026-05-10 02:10:43.373 INFO  [main] [traceId=, spanId=] o.hibernate.orm.connections.pooling - HHH10001005: Database info:
	Database JDBC URL [jdbc:postgresql://localhost:5432/user_db]
	Database driver: PostgreSQL JDBC Driver
	Database dialect: PostgreSQLDialect
	Database version: 16.13
	Default catalog/schema: user_db/public
	Autocommit mode: undefined/unknown
	Isolation level: READ_COMMITTED [default READ_COMMITTED]
	JDBC fetch size: none
	Pool: DataSourceConnectionProvider
	Minimum pool size: undefined/unknown
	Maximum pool size: undefined/unknown
2026-05-10 02:10:44.141 INFO  [main] [traceId=, spanId=] org.hibernate.orm.core - HHH000489: No JTA platform available (set 'hibernate.transaction.jta.platform' to enable JTA platform integration)
2026-05-10 02:10:44.205 INFO  [main] [traceId=, spanId=] o.s.o.j.LocalContainerEntityManagerFactoryBean - Initialized JPA EntityManagerFactory for persistence unit 'default'
2026-05-10 02:10:44.278 INFO  [main] [traceId=, spanId=] o.s.d.j.r.q.QueryEnhancerFactories - Hibernate is in classpath; If applicable, HQL parser will be used.
2026-05-10 02:10:44.819 WARN  [main] [traceId=, spanId=] o.s.b.j.a.JpaBaseConfiguration$JpaWebConfiguration - spring.jpa.open-in-view is enabled by default. Therefore, database queries may be performed during view rendering. Explicitly configure spring.jpa.open-in-view to disable this warning
2026-05-10 02:10:44.915 INFO  [main] [traceId=, spanId=] o.s.c.o.FeignClientFactoryBean - For 'AUTH-SERVICE' URL not provided. Will try picking an instance via load-balancing.
2026-05-10 02:10:45.650 INFO  [main] [traceId=, spanId=] o.s.c.n.e.c.DiscoveryClientOptionalArgsConfiguration - Eureka HTTP Client uses RestClient.
2026-05-10 02:10:45.685 WARN  [main] [traceId=, spanId=] o.s.c.l.c.LoadBalancerCacheAutoConfiguration$LoadBalancerCaffeineWarnLogger - Spring Cloud LoadBalancer is currently working with the default cache. While this cache implementation is useful for development and tests, it's recommended to use Caffeine cache in production.You can switch to using Caffeine cache, by adding it and org.springframework.cache.caffeine.CaffeineCacheManager to the classpath.
2026-05-10 02:10:45.700 INFO  [main] [traceId=, spanId=] o.s.b.a.e.web.EndpointLinksResolver - Exposing 1 endpoint beneath base path '/actuator'
2026-05-10 02:10:45.772 INFO  [main] [traceId=, spanId=] o.s.c.n.eureka.InstanceInfoFactory - Setting initial instance status as: STARTING
2026-05-10 02:10:45.795 INFO  [main] [traceId=, spanId=] c.netflix.discovery.DiscoveryClient - Initializing Eureka in region us-east-1
2026-05-10 02:10:45.798 INFO  [main] [traceId=, spanId=] c.n.d.s.r.aws.ConfigClusterResolver - Resolving eureka endpoints via configuration
2026-05-10 02:10:45.805 INFO  [main] [traceId=, spanId=] c.netflix.discovery.DiscoveryClient - Disable delta property : false
2026-05-10 02:10:45.805 INFO  [main] [traceId=, spanId=] c.netflix.discovery.DiscoveryClient - Single vip registry refresh property : null
2026-05-10 02:10:45.805 INFO  [main] [traceId=, spanId=] c.netflix.discovery.DiscoveryClient - Force full registry fetch : false
2026-05-10 02:10:45.805 INFO  [main] [traceId=, spanId=] c.netflix.discovery.DiscoveryClient - Application is null : false
2026-05-10 02:10:45.805 INFO  [main] [traceId=, spanId=] c.netflix.discovery.DiscoveryClient - Registered Applications size is zero : true
2026-05-10 02:10:45.806 INFO  [main] [traceId=, spanId=] c.netflix.discovery.DiscoveryClient - Application version is -1: true
2026-05-10 02:10:45.806 INFO  [main] [traceId=, spanId=] c.netflix.discovery.DiscoveryClient - Getting all instance registry info from the eureka server
2026-05-10 02:10:46.077 INFO  [main] [traceId=, spanId=] c.netflix.discovery.DiscoveryClient - The response status is 200
2026-05-10 02:10:46.079 INFO  [main] [traceId=, spanId=] c.netflix.discovery.DiscoveryClient - Starting heartbeat executor: renew interval is: 30
2026-05-10 02:10:46.080 INFO  [main] [traceId=, spanId=] c.n.discovery.InstanceInfoReplicator - InstanceInfoReplicator onDemand update allowed rate per min is 4
2026-05-10 02:10:46.082 INFO  [main] [traceId=, spanId=] c.netflix.discovery.DiscoveryClient - Discovery Client initialized at timestamp 1778359246081 with initial instances count: 4
2026-05-10 02:10:46.085 INFO  [main] [traceId=, spanId=] o.s.c.n.e.s.EurekaServiceRegistry - Registering application USER-SERVICE with eureka with status UP
2026-05-10 02:10:46.086 INFO  [main] [traceId=, spanId=] c.netflix.discovery.DiscoveryClient - Saw local status change event StatusChangeEvent [timestamp=1778359246086, current=UP, previous=STARTING]
2026-05-10 02:10:46.087 INFO  [DiscoveryClient-InstanceInfoReplicator-%d] [traceId=, spanId=] c.netflix.discovery.DiscoveryClient - DiscoveryClient_USER-SERVICE/10.52.168.181:USER-SERVICE:8086: registering service...
2026-05-10 02:10:46.088 INFO  [main] [traceId=, spanId=] o.a.coyote.http11.Http11NioProtocol - Starting ProtocolHandler ["http-nio-8086"]
2026-05-10 02:10:46.107 INFO  [main] [traceId=, spanId=] o.s.boot.tomcat.TomcatWebServer - Tomcat started on port 8086 (http) with context path '/'
2026-05-10 02:10:46.108 INFO  [main] [traceId=, spanId=] o.s.c.n.e.s.EurekaAutoServiceRegistration - Updating port to 8086
2026-05-10 02:10:46.130 INFO  [main] [traceId=, spanId=] c.p.user.UserServiceApplication - Started UserServiceApplication in 5.969 seconds (process running for 6.4)
2026-05-10 02:10:46.143 INFO  [DiscoveryClient-InstanceInfoReplicator-%d] [traceId=, spanId=] c.netflix.discovery.DiscoveryClient - DiscoveryClient_USER-SERVICE/10.52.168.181:USER-SERVICE:8086 - registration status: 204
2026-05-10 02:13:38.038 INFO  [SpringApplicationShutdownHook] [traceId=, spanId=] o.s.c.n.e.s.EurekaServiceRegistry - Unregistering application USER-SERVICE with eureka with status DOWN
2026-05-10 02:13:38.040 INFO  [SpringApplicationShutdownHook] [traceId=, spanId=] c.netflix.discovery.DiscoveryClient - Saw local status change event StatusChangeEvent [timestamp=1778359418040, current=DOWN, previous=UP]
2026-05-10 02:13:38.043 INFO  [DiscoveryClient-InstanceInfoReplicator-%d] [traceId=, spanId=] c.netflix.discovery.DiscoveryClient - DiscoveryClient_USER-SERVICE/10.52.168.181:USER-SERVICE:8086: registering service...
2026-05-10 02:13:38.053 INFO  [DiscoveryClient-InstanceInfoReplicator-%d] [traceId=, spanId=] c.netflix.discovery.DiscoveryClient - DiscoveryClient_USER-SERVICE/10.52.168.181:USER-SERVICE:8086 - registration status: 204
2026-05-10 02:13:38.054 INFO  [SpringApplicationShutdownHook] [traceId=, spanId=] o.s.boot.tomcat.GracefulShutdown - Commencing graceful shutdown. Waiting for active requests to complete
2026-05-10 02:13:38.069 INFO  [tomcat-shutdown] [traceId=, spanId=] o.s.boot.tomcat.GracefulShutdown - Graceful shutdown complete
2026-05-10 02:13:38.102 INFO  [SpringApplicationShutdownHook] [traceId=, spanId=] o.s.o.j.LocalContainerEntityManagerFactoryBean - Closing JPA EntityManagerFactory for persistence unit 'default'
2026-05-10 02:13:38.129 INFO  [SpringApplicationShutdownHook] [traceId=, spanId=] com.zaxxer.hikari.HikariDataSource - HikariPool-1 - Shutdown initiated...
2026-05-10 02:13:38.160 INFO  [SpringApplicationShutdownHook] [traceId=, spanId=] com.zaxxer.hikari.HikariDataSource - HikariPool-1 - Shutdown completed.
2026-05-10 02:13:38.225 INFO  [SpringApplicationShutdownHook] [traceId=, spanId=] c.netflix.discovery.DiscoveryClient - Shutting down DiscoveryClient ...
2026-05-10 02:13:41.225 INFO  [SpringApplicationShutdownHook] [traceId=, spanId=] c.netflix.discovery.DiscoveryClient - Unregistering ...
2026-05-10 02:13:41.235 INFO  [SpringApplicationShutdownHook] [traceId=, spanId=] c.netflix.discovery.DiscoveryClient - DiscoveryClient_USER-SERVICE/10.52.168.181:USER-SERVICE:8086 - deregister  status: 200
2026-05-10 02:13:41.236 INFO  [SpringApplicationShutdownHook] [traceId=, spanId=] c.netflix.discovery.DiscoveryClient - Completed shut down of DiscoveryClient
