2026-05-10 01:06:55.824 INFO  [background-preinit] [no-request-id] o.h.validator.internal.util.Version - HV000001: Hibernate Validator 9.0.1.Final
2026-05-10 01:06:55.909 INFO  [restartedMain] [no-request-id] c.p.gateway.ApiGatewayApplication - Starting ApiGatewayApplication using Java 17.0.18 with PID 106176 (/home/pradeep/Desktop/coding/web_2_projects/Software-Engineering/PrevPaperApp/api-gateway/target/classes started by pradeep in /home/pradeep/Desktop/coding/web_2_projects/Software-Engineering/PrevPaperApp)
2026-05-10 01:06:55.910 INFO  [restartedMain] [no-request-id] c.p.gateway.ApiGatewayApplication - No active profile set, falling back to 1 default profile: "default"
2026-05-10 01:06:55.983 INFO  [restartedMain] [no-request-id] o.s.b.d.e.DevToolsPropertyDefaultsPostProcessor - Devtools property defaults active! Set 'spring.devtools.add-properties' to 'false' to disable
2026-05-10 01:06:55.983 INFO  [restartedMain] [no-request-id] o.s.b.d.e.DevToolsPropertyDefaultsPostProcessor - For additional web related logging consider setting the 'logging.level.web' property to 'DEBUG'
2026-05-10 01:06:58.002 INFO  [restartedMain] [no-request-id] o.s.cloud.context.scope.GenericScope - BeanFactory id=097492da-a386-32a4-8281-fad731f9b0ab
2026-05-10 01:06:58.606 INFO  [restartedMain] [no-request-id] o.s.boot.tomcat.TomcatWebServer - Tomcat initialized with port 8080 (http)
2026-05-10 01:06:58.623 INFO  [restartedMain] [no-request-id] o.a.coyote.http11.Http11NioProtocol - Initializing ProtocolHandler ["http-nio-8080"]
2026-05-10 01:06:58.625 INFO  [restartedMain] [no-request-id] o.a.catalina.core.StandardService - Starting service [Tomcat]
2026-05-10 01:06:58.626 INFO  [restartedMain] [no-request-id] o.a.catalina.core.StandardEngine - Starting Servlet engine: [Apache Tomcat/11.0.18]
2026-05-10 01:06:58.688 INFO  [restartedMain] [no-request-id] o.s.b.w.c.s.WebApplicationContextInitializer - Root WebApplicationContext: initialization completed in 2703 ms
2026-05-10 01:06:59.627 INFO  [restartedMain] [no-request-id] o.s.c.o.FeignClientFactoryBean - For 'AUTH-SERVICE' URL not provided. Will try picking an instance via load-balancing.
2026-05-10 01:07:00.845 INFO  [restartedMain] [no-request-id] o.s.cloud.commons.util.InetUtils - Cannot determine local hostname
2026-05-10 01:07:03.174 INFO  [restartedMain] [no-request-id] o.s.cloud.commons.util.InetUtils - Cannot determine local hostname
2026-05-10 01:07:03.200 INFO  [restartedMain] [no-request-id] o.s.c.n.e.c.DiscoveryClientOptionalArgsConfiguration - Eureka HTTP Client uses RestClient.
2026-05-10 01:07:03.300 WARN  [restartedMain] [no-request-id] o.s.c.l.c.LoadBalancerCacheAutoConfiguration$LoadBalancerCaffeineWarnLogger - Spring Cloud LoadBalancer is currently working with the default cache. While this cache implementation is useful for development and tests, it's recommended to use Caffeine cache in production.You can switch to using Caffeine cache, by adding it and org.springframework.cache.caffeine.CaffeineCacheManager to the classpath.
2026-05-10 01:07:03.322 INFO  [restartedMain] [no-request-id] o.s.b.a.e.web.EndpointLinksResolver - Exposing 1 endpoint beneath base path '/actuator'
2026-05-10 01:07:03.406 INFO  [restartedMain] [no-request-id] o.s.c.n.eureka.InstanceInfoFactory - Setting initial instance status as: STARTING
2026-05-10 01:07:03.434 INFO  [restartedMain] [no-request-id] c.netflix.discovery.DiscoveryClient - Initializing Eureka in region us-east-1
2026-05-10 01:07:03.441 INFO  [restartedMain] [no-request-id] c.n.d.s.r.aws.ConfigClusterResolver - Resolving eureka endpoints via configuration
2026-05-10 01:07:03.451 INFO  [restartedMain] [no-request-id] c.netflix.discovery.DiscoveryClient - Disable delta property : false
2026-05-10 01:07:03.452 INFO  [restartedMain] [no-request-id] c.netflix.discovery.DiscoveryClient - Single vip registry refresh property : null
2026-05-10 01:07:03.452 INFO  [restartedMain] [no-request-id] c.netflix.discovery.DiscoveryClient - Force full registry fetch : false
2026-05-10 01:07:03.452 INFO  [restartedMain] [no-request-id] c.netflix.discovery.DiscoveryClient - Application is null : false
2026-05-10 01:07:03.452 INFO  [restartedMain] [no-request-id] c.netflix.discovery.DiscoveryClient - Registered Applications size is zero : true
2026-05-10 01:07:03.452 INFO  [restartedMain] [no-request-id] c.netflix.discovery.DiscoveryClient - Application version is -1: true
2026-05-10 01:07:03.452 INFO  [restartedMain] [no-request-id] c.netflix.discovery.DiscoveryClient - Getting all instance registry info from the eureka server
2026-05-10 01:07:03.914 INFO  [restartedMain] [no-request-id] c.netflix.discovery.DiscoveryClient - The response status is 200
2026-05-10 01:07:03.920 INFO  [restartedMain] [no-request-id] c.netflix.discovery.DiscoveryClient - Starting heartbeat executor: renew interval is: 30
2026-05-10 01:07:03.923 INFO  [restartedMain] [no-request-id] c.n.discovery.InstanceInfoReplicator - InstanceInfoReplicator onDemand update allowed rate per min is 4
2026-05-10 01:07:03.928 INFO  [restartedMain] [no-request-id] c.netflix.discovery.DiscoveryClient - Discovery Client initialized at timestamp 1778355423927 with initial instances count: 2
2026-05-10 01:07:03.933 INFO  [restartedMain] [no-request-id] o.s.c.n.e.s.EurekaServiceRegistry - Registering application API-GATEWAY with eureka with status UP
2026-05-10 01:07:03.935 INFO  [restartedMain] [no-request-id] c.netflix.discovery.DiscoveryClient - Saw local status change event StatusChangeEvent [timestamp=1778355423935, current=UP, previous=STARTING]
2026-05-10 01:07:03.937 INFO  [DiscoveryClient-InstanceInfoReplicator-%d] [no-request-id] c.netflix.discovery.DiscoveryClient - DiscoveryClient_API-GATEWAY/10.52.168.181:API-GATEWAY:8080: registering service...
2026-05-10 01:07:03.940 INFO  [restartedMain] [no-request-id] o.a.coyote.http11.Http11NioProtocol - Starting ProtocolHandler ["http-nio-8080"]
2026-05-10 01:07:03.959 INFO  [restartedMain] [no-request-id] o.s.boot.tomcat.TomcatWebServer - Tomcat started on port 8080 (http) with context path '/'
2026-05-10 01:07:03.962 INFO  [restartedMain] [no-request-id] o.s.c.n.e.s.EurekaAutoServiceRegistration - Updating port to 8080
2026-05-10 01:07:04.002 INFO  [DiscoveryClient-InstanceInfoReplicator-%d] [no-request-id] c.netflix.discovery.DiscoveryClient - DiscoveryClient_API-GATEWAY/10.52.168.181:API-GATEWAY:8080 - registration status: 204
2026-05-10 01:07:04.965 INFO  [restartedMain] [no-request-id] o.s.cloud.commons.util.InetUtils - Cannot determine local hostname
2026-05-10 01:07:05.018 INFO  [restartedMain] [no-request-id] c.p.gateway.ApiGatewayApplication - Started ApiGatewayApplication in 10.027 seconds (process running for 10.934)
2026-05-10 01:12:03.454 INFO  [AsyncResolver-bootstrap-executor-%d] [no-request-id] c.n.d.s.r.aws.ConfigClusterResolver - Resolving eureka endpoints via configuration
2026-05-10 01:17:03.455 INFO  [AsyncResolver-bootstrap-executor-%d] [no-request-id] c.n.d.s.r.aws.ConfigClusterResolver - Resolving eureka endpoints via configuration
2026-05-10 01:22:03.456 INFO  [AsyncResolver-bootstrap-executor-%d] [no-request-id] c.n.d.s.r.aws.ConfigClusterResolver - Resolving eureka endpoints via configuration
2026-05-10 01:27:03.458 INFO  [AsyncResolver-bootstrap-executor-%d] [no-request-id] c.n.d.s.r.aws.ConfigClusterResolver - Resolving eureka endpoints via configuration
2026-05-10 01:32:03.459 INFO  [AsyncResolver-bootstrap-executor-%d] [no-request-id] c.n.d.s.r.aws.ConfigClusterResolver - Resolving eureka endpoints via configuration
2026-05-10 01:37:03.461 INFO  [AsyncResolver-bootstrap-executor-%d] [no-request-id] c.n.d.s.r.aws.ConfigClusterResolver - Resolving eureka endpoints via configuration
2026-05-10 01:42:03.462 INFO  [AsyncResolver-bootstrap-executor-%d] [no-request-id] c.n.d.s.r.aws.ConfigClusterResolver - Resolving eureka endpoints via configuration
2026-05-10 01:47:03.464 INFO  [AsyncResolver-bootstrap-executor-%d] [no-request-id] c.n.d.s.r.aws.ConfigClusterResolver - Resolving eureka endpoints via configuration
2026-05-10 01:52:03.465 INFO  [AsyncResolver-bootstrap-executor-%d] [no-request-id] c.n.d.s.r.aws.ConfigClusterResolver - Resolving eureka endpoints via configuration
2026-05-10 01:57:03.467 INFO  [AsyncResolver-bootstrap-executor-%d] [no-request-id] c.n.d.s.r.aws.ConfigClusterResolver - Resolving eureka endpoints via configuration
2026-05-10 02:02:03.468 INFO  [AsyncResolver-bootstrap-executor-%d] [no-request-id] c.n.d.s.r.aws.ConfigClusterResolver - Resolving eureka endpoints via configuration
2026-05-10 02:07:03.469 INFO  [AsyncResolver-bootstrap-executor-%d] [no-request-id] c.n.d.s.r.aws.ConfigClusterResolver - Resolving eureka endpoints via configuration
2026-05-10 02:12:03.470 INFO  [AsyncResolver-bootstrap-executor-%d] [no-request-id] c.n.d.s.r.aws.ConfigClusterResolver - Resolving eureka endpoints via configuration
2026-05-10 02:17:03.471 INFO  [AsyncResolver-bootstrap-executor-%d] [no-request-id] c.n.d.s.r.aws.ConfigClusterResolver - Resolving eureka endpoints via configuration
2026-05-10 02:22:03.472 INFO  [AsyncResolver-bootstrap-executor-%d] [no-request-id] c.n.d.s.r.aws.ConfigClusterResolver - Resolving eureka endpoints via configuration
2026-05-10 02:27:03.474 INFO  [AsyncResolver-bootstrap-executor-%d] [no-request-id] c.n.d.s.r.aws.ConfigClusterResolver - Resolving eureka endpoints via configuration
2026-05-10 02:32:03.475 INFO  [AsyncResolver-bootstrap-executor-%d] [no-request-id] c.n.d.s.r.aws.ConfigClusterResolver - Resolving eureka endpoints via configuration
2026-05-10 02:36:01.107 INFO  [SpringApplicationShutdownHook] [no-request-id] o.s.c.n.e.s.EurekaServiceRegistry - Unregistering application API-GATEWAY with eureka with status DOWN
2026-05-10 02:36:01.108 INFO  [SpringApplicationShutdownHook] [no-request-id] c.netflix.discovery.DiscoveryClient - Saw local status change event StatusChangeEvent [timestamp=1778360761108, current=DOWN, previous=UP]
2026-05-10 02:36:01.108 INFO  [DiscoveryClient-InstanceInfoReplicator-%d] [no-request-id] c.netflix.discovery.DiscoveryClient - DiscoveryClient_API-GATEWAY/10.52.168.181:API-GATEWAY:8080: registering service...
2026-05-10 02:36:01.125 INFO  [SpringApplicationShutdownHook] [no-request-id] o.s.boot.tomcat.GracefulShutdown - Commencing graceful shutdown. Waiting for active requests to complete
2026-05-10 02:36:01.136 INFO  [tomcat-shutdown] [no-request-id] o.s.boot.tomcat.GracefulShutdown - Graceful shutdown complete
2026-05-10 02:36:01.142 INFO  [DiscoveryClient-InstanceInfoReplicator-%d] [no-request-id] c.netflix.discovery.DiscoveryClient - DiscoveryClient_API-GATEWAY/10.52.168.181:API-GATEWAY:8080 - registration status: 204
2026-05-10 02:36:01.235 INFO  [SpringApplicationShutdownHook] [no-request-id] c.netflix.discovery.DiscoveryClient - Shutting down DiscoveryClient ...
2026-05-10 02:36:04.239 INFO  [SpringApplicationShutdownHook] [no-request-id] c.netflix.discovery.DiscoveryClient - Unregistering ...
2026-05-10 02:36:04.266 INFO  [SpringApplicationShutdownHook] [no-request-id] c.netflix.discovery.DiscoveryClient - DiscoveryClient_API-GATEWAY/10.52.168.181:API-GATEWAY:8080 - deregister  status: 200
2026-05-10 02:36:04.267 INFO  [SpringApplicationShutdownHook] [no-request-id] c.netflix.discovery.DiscoveryClient - Completed shut down of DiscoveryClient
2026-05-10 02:36:11.133 INFO  [background-preinit] [no-request-id] o.h.validator.internal.util.Version - HV000001: Hibernate Validator 9.0.1.Final
2026-05-10 02:36:11.382 INFO  [restartedMain] [no-request-id] c.p.gateway.ApiGatewayApplication - Starting ApiGatewayApplication using Java 17.0.18 with PID 229106 (/home/pradeep/Desktop/coding/web_2_projects/Software-Engineering/PrevPaperApp/api-gateway/target/classes started by pradeep in /home/pradeep/Desktop/coding/web_2_projects/Software-Engineering/PrevPaperApp)
2026-05-10 02:36:11.392 INFO  [restartedMain] [no-request-id] c.p.gateway.ApiGatewayApplication - No active profile set, falling back to 1 default profile: "default"
2026-05-10 02:36:11.739 INFO  [restartedMain] [no-request-id] o.s.b.d.e.DevToolsPropertyDefaultsPostProcessor - Devtools property defaults active! Set 'spring.devtools.add-properties' to 'false' to disable
2026-05-10 02:36:11.740 INFO  [restartedMain] [no-request-id] o.s.b.d.e.DevToolsPropertyDefaultsPostProcessor - For additional web related logging consider setting the 'logging.level.web' property to 'DEBUG'
2026-05-10 02:36:15.057 INFO  [restartedMain] [no-request-id] o.s.cloud.context.scope.GenericScope - BeanFactory id=097492da-a386-32a4-8281-fad731f9b0ab
2026-05-10 02:36:15.520 INFO  [restartedMain] [no-request-id] o.s.boot.tomcat.TomcatWebServer - Tomcat initialized with port 8080 (http)
2026-05-10 02:36:15.532 INFO  [restartedMain] [no-request-id] o.a.coyote.http11.Http11NioProtocol - Initializing ProtocolHandler ["http-nio-8080"]
2026-05-10 02:36:15.534 INFO  [restartedMain] [no-request-id] o.a.catalina.core.StandardService - Starting service [Tomcat]
2026-05-10 02:36:15.534 INFO  [restartedMain] [no-request-id] o.a.catalina.core.StandardEngine - Starting Servlet engine: [Apache Tomcat/11.0.18]
2026-05-10 02:36:15.574 INFO  [restartedMain] [no-request-id] o.s.b.w.c.s.WebApplicationContextInitializer - Root WebApplicationContext: initialization completed in 3833 ms
2026-05-10 02:36:16.316 INFO  [restartedMain] [no-request-id] o.s.c.o.FeignClientFactoryBean - For 'AUTH-SERVICE' URL not provided. Will try picking an instance via load-balancing.
2026-05-10 02:36:18.246 INFO  [restartedMain] [no-request-id] o.s.c.n.e.c.DiscoveryClientOptionalArgsConfiguration - Eureka HTTP Client uses RestClient.
2026-05-10 02:36:18.322 WARN  [restartedMain] [no-request-id] o.s.c.l.c.LoadBalancerCacheAutoConfiguration$LoadBalancerCaffeineWarnLogger - Spring Cloud LoadBalancer is currently working with the default cache. While this cache implementation is useful for development and tests, it's recommended to use Caffeine cache in production.You can switch to using Caffeine cache, by adding it and org.springframework.cache.caffeine.CaffeineCacheManager to the classpath.
2026-05-10 02:36:18.344 INFO  [restartedMain] [no-request-id] o.s.b.a.e.web.EndpointLinksResolver - Exposing 1 endpoint beneath base path '/actuator'
2026-05-10 02:36:18.472 INFO  [restartedMain] [no-request-id] o.s.c.n.eureka.InstanceInfoFactory - Setting initial instance status as: STARTING
2026-05-10 02:36:18.508 INFO  [restartedMain] [no-request-id] c.netflix.discovery.DiscoveryClient - Initializing Eureka in region us-east-1
2026-05-10 02:36:18.513 INFO  [restartedMain] [no-request-id] c.n.d.s.r.aws.ConfigClusterResolver - Resolving eureka endpoints via configuration
2026-05-10 02:36:18.524 INFO  [restartedMain] [no-request-id] c.netflix.discovery.DiscoveryClient - Disable delta property : false
2026-05-10 02:36:18.525 INFO  [restartedMain] [no-request-id] c.netflix.discovery.DiscoveryClient - Single vip registry refresh property : null
2026-05-10 02:36:18.528 INFO  [restartedMain] [no-request-id] c.netflix.discovery.DiscoveryClient - Force full registry fetch : false
2026-05-10 02:36:18.528 INFO  [restartedMain] [no-request-id] c.netflix.discovery.DiscoveryClient - Application is null : false
2026-05-10 02:36:18.528 INFO  [restartedMain] [no-request-id] c.netflix.discovery.DiscoveryClient - Registered Applications size is zero : true
2026-05-10 02:36:18.529 INFO  [restartedMain] [no-request-id] c.netflix.discovery.DiscoveryClient - Application version is -1: true
2026-05-10 02:36:18.529 INFO  [restartedMain] [no-request-id] c.netflix.discovery.DiscoveryClient - Getting all instance registry info from the eureka server
2026-05-10 02:36:18.969 INFO  [restartedMain] [no-request-id] c.netflix.discovery.DiscoveryClient - The response status is 200
2026-05-10 02:36:18.974 INFO  [restartedMain] [no-request-id] c.netflix.discovery.DiscoveryClient - Starting heartbeat executor: renew interval is: 30
2026-05-10 02:36:18.976 INFO  [restartedMain] [no-request-id] c.n.discovery.InstanceInfoReplicator - InstanceInfoReplicator onDemand update allowed rate per min is 4
2026-05-10 02:36:18.982 INFO  [restartedMain] [no-request-id] c.netflix.discovery.DiscoveryClient - Discovery Client initialized at timestamp 1778360778980 with initial instances count: 4
2026-05-10 02:36:18.988 INFO  [restartedMain] [no-request-id] o.s.c.n.e.s.EurekaServiceRegistry - Registering application API-GATEWAY with eureka with status UP
2026-05-10 02:36:18.990 INFO  [restartedMain] [no-request-id] c.netflix.discovery.DiscoveryClient - Saw local status change event StatusChangeEvent [timestamp=1778360778990, current=UP, previous=STARTING]
2026-05-10 02:36:18.995 INFO  [DiscoveryClient-InstanceInfoReplicator-%d] [no-request-id] c.netflix.discovery.DiscoveryClient - DiscoveryClient_API-GATEWAY/10.52.168.181:API-GATEWAY:8080: registering service...
2026-05-10 02:36:18.996 INFO  [restartedMain] [no-request-id] o.a.coyote.http11.Http11NioProtocol - Starting ProtocolHandler ["http-nio-8080"]
2026-05-10 02:36:19.016 INFO  [restartedMain] [no-request-id] o.s.boot.tomcat.TomcatWebServer - Tomcat started on port 8080 (http) with context path '/'
2026-05-10 02:36:19.018 INFO  [restartedMain] [no-request-id] o.s.c.n.e.s.EurekaAutoServiceRegistration - Updating port to 8080
2026-05-10 02:36:19.075 INFO  [restartedMain] [no-request-id] c.p.gateway.ApiGatewayApplication - Started ApiGatewayApplication in 10.037 seconds (process running for 12.462)
2026-05-10 02:36:19.125 INFO  [DiscoveryClient-InstanceInfoReplicator-%d] [no-request-id] c.netflix.discovery.DiscoveryClient - DiscoveryClient_API-GATEWAY/10.52.168.181:API-GATEWAY:8080 - registration status: 204
2026-05-10 02:37:07.947 INFO  [SpringApplicationShutdownHook] [no-request-id] o.s.c.n.e.s.EurekaServiceRegistry - Unregistering application API-GATEWAY with eureka with status DOWN
2026-05-10 02:37:07.947 INFO  [SpringApplicationShutdownHook] [no-request-id] c.netflix.discovery.DiscoveryClient - Saw local status change event StatusChangeEvent [timestamp=1778360827947, current=DOWN, previous=UP]
2026-05-10 02:37:07.947 INFO  [DiscoveryClient-InstanceInfoReplicator-%d] [no-request-id] c.netflix.discovery.DiscoveryClient - DiscoveryClient_API-GATEWAY/10.52.168.181:API-GATEWAY:8080: registering service...
2026-05-10 02:37:07.953 INFO  [SpringApplicationShutdownHook] [no-request-id] o.s.boot.tomcat.GracefulShutdown - Commencing graceful shutdown. Waiting for active requests to complete
2026-05-10 02:37:07.983 INFO  [tomcat-shutdown] [no-request-id] o.s.boot.tomcat.GracefulShutdown - Graceful shutdown complete
2026-05-10 02:37:07.986 INFO  [DiscoveryClient-InstanceInfoReplicator-%d] [no-request-id] c.netflix.discovery.DiscoveryClient - DiscoveryClient_API-GATEWAY/10.52.168.181:API-GATEWAY:8080 - registration status: 204
2026-05-10 02:37:08.275 INFO  [SpringApplicationShutdownHook] [no-request-id] c.netflix.discovery.DiscoveryClient - Shutting down DiscoveryClient ...
2026-05-10 02:37:11.278 INFO  [SpringApplicationShutdownHook] [no-request-id] c.netflix.discovery.DiscoveryClient - Unregistering ...
2026-05-10 02:37:11.283 INFO  [SpringApplicationShutdownHook] [no-request-id] c.n.d.s.t.d.RedirectingEurekaHttpClient - Request execution error. endpoint=DefaultEndpoint{ serviceUrl='http://localhost:8761/eureka/} exception=I/O error on DELETE request for "http://localhost:8761/eureka/apps/API-GATEWAY/10.52.168.181:API-GATEWAY:8080": Connect to http://localhost:8761 failed: Connection refused stacktrace=org.springframework.web.client.ResourceAccessException: I/O error on DELETE request for "http://localhost:8761/eureka/apps/API-GATEWAY/10.52.168.181:API-GATEWAY:8080": Connect to http://localhost:8761 failed: Connection refused
	at org.springframework.web.client.DefaultRestClient$DefaultRequestBodyUriSpec.createResourceAccessException(DefaultRestClient.java:763)
	at org.springframework.web.client.DefaultRestClient$DefaultRequestBodyUriSpec.exchangeInternal(DefaultRestClient.java:615)
	at org.springframework.web.client.DefaultRestClient$DefaultRequestBodyUriSpec.exchange(DefaultRestClient.java:567)
	at org.springframework.web.client.RestClient$RequestHeadersSpec.exchange(RestClient.java:750)
	at org.springframework.web.client.DefaultRestClient$DefaultResponseSpec.executeAndExtract(DefaultRestClient.java:908)
	at org.springframework.web.client.DefaultRestClient$DefaultResponseSpec.toBodilessEntity(DefaultRestClient.java:872)
	at org.springframework.cloud.netflix.eureka.http.RestClientEurekaHttpClient.cancel(RestClientEurekaHttpClient.java:73)
	at com.netflix.discovery.shared.transport.decorator.EurekaHttpClientDecorator$2.execute(EurekaHttpClientDecorator.java:74)
	at com.netflix.discovery.shared.transport.decorator.RedirectingEurekaHttpClient.execute(RedirectingEurekaHttpClient.java:91)
	at com.netflix.discovery.shared.transport.decorator.EurekaHttpClientDecorator.cancel(EurekaHttpClientDecorator.java:71)
	at com.netflix.discovery.shared.transport.decorator.EurekaHttpClientDecorator$2.execute(EurekaHttpClientDecorator.java:74)
	at com.netflix.discovery.shared.transport.decorator.RetryableEurekaHttpClient.execute(RetryableEurekaHttpClient.java:120)
	at com.netflix.discovery.shared.transport.decorator.EurekaHttpClientDecorator.cancel(EurekaHttpClientDecorator.java:71)
	at com.netflix.discovery.shared.transport.decorator.EurekaHttpClientDecorator$2.execute(EurekaHttpClientDecorator.java:74)
	at com.netflix.discovery.shared.transport.decorator.SessionedEurekaHttpClient.execute(SessionedEurekaHttpClient.java:76)
	at com.netflix.discovery.shared.transport.decorator.EurekaHttpClientDecorator.cancel(EurekaHttpClientDecorator.java:71)
	at com.netflix.discovery.DiscoveryClient.unregister(DiscoveryClient.java:919)
	at com.netflix.discovery.DiscoveryClient.shutdown(DiscoveryClient.java:900)
	at java.base/jdk.internal.reflect.NativeMethodAccessorImpl.invoke0(Native Method)
	at java.base/jdk.internal.reflect.NativeMethodAccessorImpl.invoke(NativeMethodAccessorImpl.java:77)
	at java.base/jdk.internal.reflect.DelegatingMethodAccessorImpl.invoke(DelegatingMethodAccessorImpl.java:43)
	at java.base/java.lang.reflect.Method.invoke(Method.java:569)
	at org.springframework.beans.factory.annotation.InitDestroyAnnotationBeanPostProcessor$LifecycleMethod.invoke(InitDestroyAnnotationBeanPostProcessor.java:453)
	at org.springframework.beans.factory.annotation.InitDestroyAnnotationBeanPostProcessor$LifecycleMetadata.invokeDestroyMethods(InitDestroyAnnotationBeanPostProcessor.java:411)
	at org.springframework.beans.factory.annotation.InitDestroyAnnotationBeanPostProcessor.postProcessBeforeDestruction(InitDestroyAnnotationBeanPostProcessor.java:237)
	at org.springframework.beans.factory.support.DisposableBeanAdapter.destroy(DisposableBeanAdapter.java:200)
	at org.springframework.beans.factory.support.DisposableBeanAdapter.run(DisposableBeanAdapter.java:193)
	at org.springframework.cloud.context.scope.GenericScope$BeanLifecycleWrapper.destroy(GenericScope.java:387)
	at org.springframework.cloud.context.scope.GenericScope.destroy(GenericScope.java:134)
	at org.springframework.beans.factory.support.DisposableBeanAdapter.destroy(DisposableBeanAdapter.java:209)
	at org.springframework.beans.factory.support.DefaultSingletonBeanRegistry.destroyBean(DefaultSingletonBeanRegistry.java:795)
	at org.springframework.beans.factory.support.DefaultSingletonBeanRegistry.destroySingleton(DefaultSingletonBeanRegistry.java:745)
	at org.springframework.beans.factory.support.DefaultListableBeanFactory.destroySingleton(DefaultListableBeanFactory.java:1500)
	at org.springframework.beans.factory.support.DefaultSingletonBeanRegistry.destroySingletons(DefaultSingletonBeanRegistry.java:704)
	at org.springframework.beans.factory.support.DefaultListableBeanFactory.destroySingletons(DefaultListableBeanFactory.java:1493)
	at org.springframework.context.support.AbstractApplicationContext.destroyBeans(AbstractApplicationContext.java:1246)
	at org.springframework.context.support.AbstractApplicationContext.doClose(AbstractApplicationContext.java:1207)
	at org.springframework.boot.web.server.servlet.context.ServletWebServerApplicationContext.doClose(ServletWebServerApplicationContext.java:176)
	at org.springframework.context.support.AbstractApplicationContext.close(AbstractApplicationContext.java:1153)
	at org.springframework.boot.SpringApplicationShutdownHook.closeAndWait(SpringApplicationShutdownHook.java:147)
	at java.base/java.lang.Iterable.forEach(Iterable.java:75)
	at org.springframework.boot.SpringApplicationShutdownHook.run(SpringApplicationShutdownHook.java:116)
	at java.base/java.lang.Thread.run(Thread.java:840)
Caused by: org.apache.hc.client5.http.HttpHostConnectException: Connect to http://localhost:8761 failed: Connection refused
	at java.base/sun.nio.ch.Net.pollConnect(Native Method)
	at java.base/sun.nio.ch.Net.pollConnectNow(Net.java:684)
	at java.base/sun.nio.ch.NioSocketImpl.timedFinishConnect(NioSocketImpl.java:547)
	at java.base/sun.nio.ch.NioSocketImpl.connect(NioSocketImpl.java:602)
	at java.base/java.net.SocksSocketImpl.connect(SocksSocketImpl.java:327)
	at java.base/java.net.Socket.connect(Socket.java:633)
	at org.apache.hc.client5.http.impl.io.DefaultHttpClientConnectionOperator.connect(DefaultHttpClientConnectionOperator.java:226)
	at org.apache.hc.client5.http.impl.io.PoolingHttpClientConnectionManager.connect(PoolingHttpClientConnectionManager.java:497)
	at org.apache.hc.client5.http.impl.classic.InternalExecRuntime.connectEndpoint(InternalExecRuntime.java:164)
	at org.apache.hc.client5.http.impl.classic.InternalExecRuntime.connectEndpoint(InternalExecRuntime.java:174)
	at org.apache.hc.client5.http.impl.classic.ConnectExec.execute(ConnectExec.java:144)
	at org.apache.hc.client5.http.impl.classic.ExecChainElement.execute(ExecChainElement.java:51)
	at org.apache.hc.client5.http.impl.classic.ProtocolExec.execute(ProtocolExec.java:195)
	at org.apache.hc.client5.http.impl.classic.ExecChainElement.execute(ExecChainElement.java:51)
	at org.apache.hc.client5.http.impl.classic.ContentCompressionExec.execute(ContentCompressionExec.java:168)
	at org.apache.hc.client5.http.impl.classic.ExecChainElement.execute(ExecChainElement.java:51)
	at org.apache.hc.client5.http.impl.classic.HttpRequestRetryExec.execute(HttpRequestRetryExec.java:112)
	at org.apache.hc.client5.http.impl.classic.ExecChainElement.execute(ExecChainElement.java:51)
	at org.apache.hc.client5.http.impl.classic.RedirectExec.execute(RedirectExec.java:110)
	at org.apache.hc.client5.http.impl.classic.ExecChainElement.execute(ExecChainElement.java:51)
	at org.apache.hc.client5.http.impl.classic.InternalHttpClient.doExecute(InternalHttpClient.java:185)
	at org.apache.hc.client5.http.impl.classic.CloseableHttpClient.execute(CloseableHttpClient.java:87)
	at org.apache.hc.client5.http.impl.classic.CloseableHttpClient.execute(CloseableHttpClient.java:55)
	at org.apache.hc.client5.http.classic.HttpClient.executeOpen(HttpClient.java:183)
	at org.springframework.http.client.HttpComponentsClientHttpRequest.executeInternal(HttpComponentsClientHttpRequest.java:99)
	at org.springframework.http.client.AbstractStreamingClientHttpRequest.executeInternal(AbstractStreamingClientHttpRequest.java:87)
	at org.springframework.http.client.AbstractClientHttpRequest.execute(AbstractClientHttpRequest.java:80)
	at org.springframework.http.client.AbstractBufferingClientHttpRequest.executeWithRequest(AbstractBufferingClientHttpRequest.java:89)
	at org.springframework.http.client.InterceptingClientHttpRequest$EndOfChainRequestExecution.execute(InterceptingClientHttpRequest.java:102)
	at org.springframework.cloud.netflix.eureka.http.RestClientTransportClientFactory.lambda$newClient$2(RestClientTransportClientFactory.java:98)
	at org.springframework.http.client.ClientHttpRequestInterceptor.lambda$apply$0(ClientHttpRequestInterceptor.java:89)
	at org.springframework.http.client.InterceptingClientHttpRequest.executeInternal(InterceptingClientHttpRequest.java:73)
	at org.springframework.http.client.AbstractBufferingClientHttpRequest.executeInternal(AbstractBufferingClientHttpRequest.java:50)
	at org.springframework.http.client.AbstractClientHttpRequest.execute(AbstractClientHttpRequest.java:80)
	at org.springframework.web.client.DefaultRestClient$DefaultRequestBodyUriSpec.exchangeInternal(DefaultRestClient.java:609)
	... 41 more

2026-05-10 02:37:11.284 WARN  [SpringApplicationShutdownHook] [no-request-id] c.n.d.s.t.d.RetryableEurekaHttpClient - Request execution failed with message: I/O error on DELETE request for "http://localhost:8761/eureka/apps/API-GATEWAY/10.52.168.181:API-GATEWAY:8080": Connect to http://localhost:8761 failed: Connection refused
2026-05-10 02:37:11.289 INFO  [SpringApplicationShutdownHook] [no-request-id] c.n.d.s.t.d.RedirectingEurekaHttpClient - Request execution error. endpoint=DefaultEndpoint{ serviceUrl='http://localhost:8761/eureka/}, exception=I/O error on DELETE request for "http://localhost:8761/eureka/apps/API-GATEWAY/10.52.168.181:API-GATEWAY:8080": Connect to http://localhost:8761 failed: Connection refused stacktrace=org.springframework.web.client.ResourceAccessException: I/O error on DELETE request for "http://localhost:8761/eureka/apps/API-GATEWAY/10.52.168.181:API-GATEWAY:8080": Connect to http://localhost:8761 failed: Connection refused
	at org.springframework.web.client.DefaultRestClient$DefaultRequestBodyUriSpec.createResourceAccessException(DefaultRestClient.java:763)
	at org.springframework.web.client.DefaultRestClient$DefaultRequestBodyUriSpec.exchangeInternal(DefaultRestClient.java:615)
	at org.springframework.web.client.DefaultRestClient$DefaultRequestBodyUriSpec.exchange(DefaultRestClient.java:567)
	at org.springframework.web.client.RestClient$RequestHeadersSpec.exchange(RestClient.java:750)
	at org.springframework.web.client.DefaultRestClient$DefaultResponseSpec.executeAndExtract(DefaultRestClient.java:908)
	at org.springframework.web.client.DefaultRestClient$DefaultResponseSpec.toBodilessEntity(DefaultRestClient.java:872)
	at org.springframework.cloud.netflix.eureka.http.RestClientEurekaHttpClient.cancel(RestClientEurekaHttpClient.java:73)
	at com.netflix.discovery.shared.transport.decorator.EurekaHttpClientDecorator$2.execute(EurekaHttpClientDecorator.java:74)
	at com.netflix.discovery.shared.transport.decorator.RedirectingEurekaHttpClient.executeOnNewServer(RedirectingEurekaHttpClient.java:121)
	at com.netflix.discovery.shared.transport.decorator.RedirectingEurekaHttpClient.execute(RedirectingEurekaHttpClient.java:80)
	at com.netflix.discovery.shared.transport.decorator.EurekaHttpClientDecorator.cancel(EurekaHttpClientDecorator.java:71)
	at com.netflix.discovery.shared.transport.decorator.EurekaHttpClientDecorator$2.execute(EurekaHttpClientDecorator.java:74)
	at com.netflix.discovery.shared.transport.decorator.RetryableEurekaHttpClient.execute(RetryableEurekaHttpClient.java:120)
	at com.netflix.discovery.shared.transport.decorator.EurekaHttpClientDecorator.cancel(EurekaHttpClientDecorator.java:71)
	at com.netflix.discovery.shared.transport.decorator.EurekaHttpClientDecorator$2.execute(EurekaHttpClientDecorator.java:74)
	at com.netflix.discovery.shared.transport.decorator.SessionedEurekaHttpClient.execute(SessionedEurekaHttpClient.java:76)
	at com.netflix.discovery.shared.transport.decorator.EurekaHttpClientDecorator.cancel(EurekaHttpClientDecorator.java:71)
	at com.netflix.discovery.DiscoveryClient.unregister(DiscoveryClient.java:919)
	at com.netflix.discovery.DiscoveryClient.shutdown(DiscoveryClient.java:900)
	at java.base/jdk.internal.reflect.NativeMethodAccessorImpl.invoke0(Native Method)
	at java.base/jdk.internal.reflect.NativeMethodAccessorImpl.invoke(NativeMethodAccessorImpl.java:77)
	at java.base/jdk.internal.reflect.DelegatingMethodAccessorImpl.invoke(DelegatingMethodAccessorImpl.java:43)
	at java.base/java.lang.reflect.Method.invoke(Method.java:569)
	at org.springframework.beans.factory.annotation.InitDestroyAnnotationBeanPostProcessor$LifecycleMethod.invoke(InitDestroyAnnotationBeanPostProcessor.java:453)
	at org.springframework.beans.factory.annotation.InitDestroyAnnotationBeanPostProcessor$LifecycleMetadata.invokeDestroyMethods(InitDestroyAnnotationBeanPostProcessor.java:411)
	at org.springframework.beans.factory.annotation.InitDestroyAnnotationBeanPostProcessor.postProcessBeforeDestruction(InitDestroyAnnotationBeanPostProcessor.java:237)
	at org.springframework.beans.factory.support.DisposableBeanAdapter.destroy(DisposableBeanAdapter.java:200)
	at org.springframework.beans.factory.support.DisposableBeanAdapter.run(DisposableBeanAdapter.java:193)
	at org.springframework.cloud.context.scope.GenericScope$BeanLifecycleWrapper.destroy(GenericScope.java:387)
	at org.springframework.cloud.context.scope.GenericScope.destroy(GenericScope.java:134)
	at org.springframework.beans.factory.support.DisposableBeanAdapter.destroy(DisposableBeanAdapter.java:209)
	at org.springframework.beans.factory.support.DefaultSingletonBeanRegistry.destroyBean(DefaultSingletonBeanRegistry.java:795)
	at org.springframework.beans.factory.support.DefaultSingletonBeanRegistry.destroySingleton(DefaultSingletonBeanRegistry.java:745)
	at org.springframework.beans.factory.support.DefaultListableBeanFactory.destroySingleton(DefaultListableBeanFactory.java:1500)
	at org.springframework.beans.factory.support.DefaultSingletonBeanRegistry.destroySingletons(DefaultSingletonBeanRegistry.java:704)
	at org.springframework.beans.factory.support.DefaultListableBeanFactory.destroySingletons(DefaultListableBeanFactory.java:1493)
	at org.springframework.context.support.AbstractApplicationContext.destroyBeans(AbstractApplicationContext.java:1246)
	at org.springframework.context.support.AbstractApplicationContext.doClose(AbstractApplicationContext.java:1207)
	at org.springframework.boot.web.server.servlet.context.ServletWebServerApplicationContext.doClose(ServletWebServerApplicationContext.java:176)
	at org.springframework.context.support.AbstractApplicationContext.close(AbstractApplicationContext.java:1153)
	at org.springframework.boot.SpringApplicationShutdownHook.closeAndWait(SpringApplicationShutdownHook.java:147)
	at java.base/java.lang.Iterable.forEach(Iterable.java:75)
	at org.springframework.boot.SpringApplicationShutdownHook.run(SpringApplicationShutdownHook.java:116)
	at java.base/java.lang.Thread.run(Thread.java:840)
Caused by: org.apache.hc.client5.http.HttpHostConnectException: Connect to http://localhost:8761 failed: Connection refused
	at java.base/sun.nio.ch.Net.pollConnect(Native Method)
	at java.base/sun.nio.ch.Net.pollConnectNow(Net.java:684)
	at java.base/sun.nio.ch.NioSocketImpl.timedFinishConnect(NioSocketImpl.java:547)
	at java.base/sun.nio.ch.NioSocketImpl.connect(NioSocketImpl.java:602)
	at java.base/java.net.SocksSocketImpl.connect(SocksSocketImpl.java:327)
	at java.base/java.net.Socket.connect(Socket.java:633)
	at org.apache.hc.client5.http.impl.io.DefaultHttpClientConnectionOperator.connect(DefaultHttpClientConnectionOperator.java:226)
	at org.apache.hc.client5.http.impl.io.PoolingHttpClientConnectionManager.connect(PoolingHttpClientConnectionManager.java:497)
	at org.apache.hc.client5.http.impl.classic.InternalExecRuntime.connectEndpoint(InternalExecRuntime.java:164)
	at org.apache.hc.client5.http.impl.classic.InternalExecRuntime.connectEndpoint(InternalExecRuntime.java:174)
	at org.apache.hc.client5.http.impl.classic.ConnectExec.execute(ConnectExec.java:144)
	at org.apache.hc.client5.http.impl.classic.ExecChainElement.execute(ExecChainElement.java:51)
	at org.apache.hc.client5.http.impl.classic.ProtocolExec.execute(ProtocolExec.java:195)
	at org.apache.hc.client5.http.impl.classic.ExecChainElement.execute(ExecChainElement.java:51)
	at org.apache.hc.client5.http.impl.classic.ContentCompressionExec.execute(ContentCompressionExec.java:168)
	at org.apache.hc.client5.http.impl.classic.ExecChainElement.execute(ExecChainElement.java:51)
	at org.apache.hc.client5.http.impl.classic.HttpRequestRetryExec.execute(HttpRequestRetryExec.java:112)
	at org.apache.hc.client5.http.impl.classic.ExecChainElement.execute(ExecChainElement.java:51)
	at org.apache.hc.client5.http.impl.classic.RedirectExec.execute(RedirectExec.java:110)
	at org.apache.hc.client5.http.impl.classic.ExecChainElement.execute(ExecChainElement.java:51)
	at org.apache.hc.client5.http.impl.classic.InternalHttpClient.doExecute(InternalHttpClient.java:185)
	at org.apache.hc.client5.http.impl.classic.CloseableHttpClient.execute(CloseableHttpClient.java:87)
	at org.apache.hc.client5.http.impl.classic.CloseableHttpClient.execute(CloseableHttpClient.java:55)
	at org.apache.hc.client5.http.classic.HttpClient.executeOpen(HttpClient.java:183)
	at org.springframework.http.client.HttpComponentsClientHttpRequest.executeInternal(HttpComponentsClientHttpRequest.java:99)
	at org.springframework.http.client.AbstractStreamingClientHttpRequest.executeInternal(AbstractStreamingClientHttpRequest.java:87)
	at org.springframework.http.client.AbstractClientHttpRequest.execute(AbstractClientHttpRequest.java:80)
	at org.springframework.http.client.AbstractBufferingClientHttpRequest.executeWithRequest(AbstractBufferingClientHttpRequest.java:89)
	at org.springframework.http.client.InterceptingClientHttpRequest$EndOfChainRequestExecution.execute(InterceptingClientHttpRequest.java:102)
	at org.springframework.cloud.netflix.eureka.http.RestClientTransportClientFactory.lambda$newClient$2(RestClientTransportClientFactory.java:98)
	at org.springframework.http.client.ClientHttpRequestInterceptor.lambda$apply$0(ClientHttpRequestInterceptor.java:89)
	at org.springframework.http.client.InterceptingClientHttpRequest.executeInternal(InterceptingClientHttpRequest.java:73)
	at org.springframework.http.client.AbstractBufferingClientHttpRequest.executeInternal(AbstractBufferingClientHttpRequest.java:50)
	at org.springframework.http.client.AbstractClientHttpRequest.execute(AbstractClientHttpRequest.java:80)
	at org.springframework.web.client.DefaultRestClient$DefaultRequestBodyUriSpec.exchangeInternal(DefaultRestClient.java:609)
	... 42 more

2026-05-10 02:37:11.289 WARN  [SpringApplicationShutdownHook] [no-request-id] c.n.d.s.t.d.RetryableEurekaHttpClient - Request execution failed with message: I/O error on DELETE request for "http://localhost:8761/eureka/apps/API-GATEWAY/10.52.168.181:API-GATEWAY:8080": Connect to http://localhost:8761 failed: Connection refused
2026-05-10 02:37:11.289 ERROR [SpringApplicationShutdownHook] [no-request-id] c.netflix.discovery.DiscoveryClient - DiscoveryClient_API-GATEWAY/10.52.168.181:API-GATEWAY:8080 - de-registration failedCannot execute request on any known server
com.netflix.discovery.shared.transport.TransportException: Cannot execute request on any known server
	at com.netflix.discovery.shared.transport.decorator.RetryableEurekaHttpClient.execute(RetryableEurekaHttpClient.java:112)
	at com.netflix.discovery.shared.transport.decorator.EurekaHttpClientDecorator.cancel(EurekaHttpClientDecorator.java:71)
	at com.netflix.discovery.shared.transport.decorator.EurekaHttpClientDecorator$2.execute(EurekaHttpClientDecorator.java:74)
	at com.netflix.discovery.shared.transport.decorator.SessionedEurekaHttpClient.execute(SessionedEurekaHttpClient.java:76)
	at com.netflix.discovery.shared.transport.decorator.EurekaHttpClientDecorator.cancel(EurekaHttpClientDecorator.java:71)
	at com.netflix.discovery.DiscoveryClient.unregister(DiscoveryClient.java:919)
	at com.netflix.discovery.DiscoveryClient.shutdown(DiscoveryClient.java:900)
	at java.base/jdk.internal.reflect.NativeMethodAccessorImpl.invoke0(Native Method)
	at java.base/jdk.internal.reflect.NativeMethodAccessorImpl.invoke(NativeMethodAccessorImpl.java:77)
	at java.base/jdk.internal.reflect.DelegatingMethodAccessorImpl.invoke(DelegatingMethodAccessorImpl.java:43)
	at java.base/java.lang.reflect.Method.invoke(Method.java:569)
	at org.springframework.beans.factory.annotation.InitDestroyAnnotationBeanPostProcessor$LifecycleMethod.invoke(InitDestroyAnnotationBeanPostProcessor.java:453)
	at org.springframework.beans.factory.annotation.InitDestroyAnnotationBeanPostProcessor$LifecycleMetadata.invokeDestroyMethods(InitDestroyAnnotationBeanPostProcessor.java:411)
	at org.springframework.beans.factory.annotation.InitDestroyAnnotationBeanPostProcessor.postProcessBeforeDestruction(InitDestroyAnnotationBeanPostProcessor.java:237)
	at org.springframework.beans.factory.support.DisposableBeanAdapter.destroy(DisposableBeanAdapter.java:200)
	at org.springframework.beans.factory.support.DisposableBeanAdapter.run(DisposableBeanAdapter.java:193)
	at org.springframework.cloud.context.scope.GenericScope$BeanLifecycleWrapper.destroy(GenericScope.java:387)
	at org.springframework.cloud.context.scope.GenericScope.destroy(GenericScope.java:134)
	at org.springframework.beans.factory.support.DisposableBeanAdapter.destroy(DisposableBeanAdapter.java:209)
	at org.springframework.beans.factory.support.DefaultSingletonBeanRegistry.destroyBean(DefaultSingletonBeanRegistry.java:795)
	at org.springframework.beans.factory.support.DefaultSingletonBeanRegistry.destroySingleton(DefaultSingletonBeanRegistry.java:745)
	at org.springframework.beans.factory.support.DefaultListableBeanFactory.destroySingleton(DefaultListableBeanFactory.java:1500)
	at org.springframework.beans.factory.support.DefaultSingletonBeanRegistry.destroySingletons(DefaultSingletonBeanRegistry.java:704)
	at org.springframework.beans.factory.support.DefaultListableBeanFactory.destroySingletons(DefaultListableBeanFactory.java:1493)
	at org.springframework.context.support.AbstractApplicationContext.destroyBeans(AbstractApplicationContext.java:1246)
	at org.springframework.context.support.AbstractApplicationContext.doClose(AbstractApplicationContext.java:1207)
	at org.springframework.boot.web.server.servlet.context.ServletWebServerApplicationContext.doClose(ServletWebServerApplicationContext.java:176)
	at org.springframework.context.support.AbstractApplicationContext.close(AbstractApplicationContext.java:1153)
	at org.springframework.boot.SpringApplicationShutdownHook.closeAndWait(SpringApplicationShutdownHook.java:147)
	at java.base/java.lang.Iterable.forEach(Iterable.java:75)
	at org.springframework.boot.SpringApplicationShutdownHook.run(SpringApplicationShutdownHook.java:116)
	at java.base/java.lang.Thread.run(Thread.java:840)
2026-05-10 02:37:11.290 INFO  [SpringApplicationShutdownHook] [no-request-id] c.netflix.discovery.DiscoveryClient - Completed shut down of DiscoveryClient
